\BOOKMARK [0][-]{Doc-Start}{ABSTRACT}{}% 1
\BOOKMARK [0][-]{chapter*.2}{LIST OF FIGURES}{}% 2
\BOOKMARK [0][-]{chapter*.3}{LIST OF TABLES}{}% 3
\BOOKMARK [0][-]{chapter.1}{INTRODUCTION}{}% 4
\BOOKMARK [0][-]{chapter.2}{Neutrinos}{}% 5
\BOOKMARK [1][-]{section.2.1}{Discovery of the Neutrino}{chapter.2}% 6
\BOOKMARK [1][-]{section.2.2}{Neutrinos in the Standard Model and Beyond}{chapter.2}% 7
\BOOKMARK [1][-]{section.2.3}{Discovery of Neutrino Oscillation}{chapter.2}% 8
\BOOKMARK [0][-]{chapter.3}{Reactor Neutrinos}{}% 9
\BOOKMARK [1][-]{section.3.1}{Production of Reactor Neutrinos}{chapter.3}% 10
\BOOKMARK [1][-]{section.3.2}{Measuring the Reactor Antineutrino Flux and Spectrum}{chapter.3}% 11
\BOOKMARK [1][-]{section.3.3}{The Reactor Antineutrino Anomaly}{chapter.3}% 12
\BOOKMARK [0][-]{chapter.4}{Sterile Neutrinos}{}% 13
\BOOKMARK [1][-]{section.4.1}{Theory of Sterile Neutrinos}{chapter.4}% 14
\BOOKMARK [1][-]{section.4.2}{Experimental Searches for Sterile Neutrinos}{chapter.4}% 15
\BOOKMARK [0][-]{chapter.5}{PROSPECT}{}% 16
\BOOKMARK [1][-]{section.5.1}{Motivation}{chapter.5}% 17
\BOOKMARK [1][-]{section.5.2}{Experimental Site}{chapter.5}% 18
\BOOKMARK [1][-]{section.5.3}{Design}{chapter.5}% 19
\BOOKMARK [1][-]{section.5.4}{Detecting Inverse Beta Decays}{chapter.5}% 20
\BOOKMARK [1][-]{section.5.5}{From Signal to Result}{chapter.5}% 21
\BOOKMARK [0][-]{chapter.6}{227Ac as a Calibration Source}{}% 22
\BOOKMARK [1][-]{section.6.1}{Motivation}{chapter.6}% 23
\BOOKMARK [1][-]{section.6.2}{Material Compatibility}{chapter.6}% 24
\BOOKMARK [1][-]{section.6.3}{Prototype Testing in P50X}{chapter.6}% 25
\BOOKMARK [1][-]{section.6.4}{Event Selection in the PROSPECT AD}{chapter.6}% 26
\BOOKMARK [1][-]{section.6.5}{Detector Stability Results}{chapter.6}% 27
\BOOKMARK [1][-]{section.6.6}{Volume Variation Results}{chapter.6}% 28
\BOOKMARK [0][-]{chapter.7}{Inverse Beta Decay Event Selection}{}% 29
\BOOKMARK [1][-]{section.7.1}{Selection Criteria and Efficiency}{chapter.7}% 30
\BOOKMARK [1][-]{section.7.2}{Properties of the Event Selection}{chapter.7}% 31
\BOOKMARK [0][-]{chapter.8}{Neutrino Oscillation in the PROSPECT AD}{}% 32
\BOOKMARK [1][-]{section.8.1}{Analysis Method}{chapter.8}% 33
\BOOKMARK [1][-]{section.8.2}{Result}{chapter.8}% 34
\BOOKMARK [0][-]{chapter.9}{CONCLUSIONS}{}% 35
\BOOKMARK [0][-]{chapter*.6}{REFERENCES}{}% 36
